{
  "stats": {
    "suites": 1,
    "tests": 3,
    "passes": 1,
    "pending": 0,
    "failures": 2,
    "start": "2024-04-26T10:41:09.893Z",
    "end": "2024-04-26T10:41:15.815Z",
    "duration": 5922,
    "testsRegistered": 3,
    "passPercent": 33.33333333333333,
    "pendingPercent": 0,
    "other": 0,
    "hasOther": false,
    "skipped": 0,
    "hasSkipped": false
  },
  "results": [
    {
      "uuid": "fe0282ad-3bd0-4418-a8f6-50abaf318375",
      "title": "",
      "fullFile": "C:\\Users\\cahyo\\OneDrive\\Documents\\API_Automation\\API_Automation\\module\\test\\suites\\booking.suite.js",
      "file": "\\module\\test\\suites\\booking.suite.js",
      "beforeHooks": [],
      "afterHooks": [],
      "tests": [],
      "suites": [
        {
          "uuid": "1bd11a6e-d632-411a-ae32-5590500e6aef",
          "title": "End to End - Booking",
          "fullFile": "C:\\Users\\cahyo\\OneDrive\\Documents\\API_Automation\\API_Automation\\module\\test\\suites\\booking.suite.js",
          "file": "\\module\\test\\suites\\booking.suite.js",
          "beforeHooks": [],
          "afterHooks": [],
          "tests": [
            {
              "title": "Success Create Booking",
              "fullTitle": "End to End - Booking Success Create Booking",
              "timedOut": false,
              "duration": 1879,
              "state": "passed",
              "speed": "slow",
              "pass": true,
              "fail": false,
              "pending": false,
              "context": null,
              "code": "const response = await createBooking()\n      \nexpect((await response).status).to.equal(200)\nbookingId = (await response).body.bookingId",
              "err": {},
              "uuid": "395454fc-d2d5-4947-b8b1-f433dad778da",
              "parentUUID": "1bd11a6e-d632-411a-ae32-5590500e6aef",
              "isHook": false,
              "skipped": false
            },
            {
              "title": "Success Get Booking",
              "fullTitle": "End to End - Booking Success Get Booking",
              "timedOut": true,
              "duration": 2016,
              "state": "failed",
              "speed": null,
              "pass": false,
              "fail": true,
              "pending": false,
              "context": null,
              "code": "const response = await getBooking.id(bookingId)\n      \nexpect((await response).status).to.equal(200)\nbookingId = (await response).body.bookingId",
              "err": {
                "message": "Error: Timeout of 2000ms exceeded. For async tests and hooks, ensure \"done()\" is called; if returning a Promise, ensure it resolves. (C:\\Users\\cahyo\\OneDrive\\Documents\\API_Automation\\API_Automation\\module\\test\\suites\\booking.suite.js)",
                "estack": "Error: Timeout of 2000ms exceeded. For async tests and hooks, ensure \"done()\" is called; if returning a Promise, ensure it resolves. (C:\\Users\\cahyo\\OneDrive\\Documents\\API_Automation\\API_Automation\\module\\test\\suites\\booking.suite.js)\n    at listOnTimeout (node:internal/timers:573:17)\n    at process.processTimers (node:internal/timers:514:7)",
                "diff": null
              },
              "uuid": "20ea13a1-a089-49f6-9c26-f46245d88eaa",
              "parentUUID": "1bd11a6e-d632-411a-ae32-5590500e6aef",
              "isHook": false,
              "skipped": false
            },
            {
              "title": "Success Update Booking",
              "fullTitle": "End to End - Booking Success Update Booking",
              "timedOut": true,
              "duration": 2004,
              "state": "failed",
              "speed": null,
              "pass": false,
              "fail": true,
              "pending": false,
              "context": null,
              "code": "token = await createToken()\nconst response = await updateBooking(bookingId,token)\n      \nexpect((await response).status).to.equal(418)",
              "err": {
                "message": "Error: Timeout of 2000ms exceeded. For async tests and hooks, ensure \"done()\" is called; if returning a Promise, ensure it resolves. (C:\\Users\\cahyo\\OneDrive\\Documents\\API_Automation\\API_Automation\\module\\test\\suites\\booking.suite.js)",
                "estack": "Error: Timeout of 2000ms exceeded. For async tests and hooks, ensure \"done()\" is called; if returning a Promise, ensure it resolves. (C:\\Users\\cahyo\\OneDrive\\Documents\\API_Automation\\API_Automation\\module\\test\\suites\\booking.suite.js)\n    at listOnTimeout (node:internal/timers:573:17)\n    at process.processTimers (node:internal/timers:514:7)",
                "diff": null
              },
              "uuid": "4a53b4eb-d03e-4091-a86f-758d0f2d7cd7",
              "parentUUID": "1bd11a6e-d632-411a-ae32-5590500e6aef",
              "isHook": false,
              "skipped": false
            }
          ],
          "suites": [],
          "passes": [
            "395454fc-d2d5-4947-b8b1-f433dad778da"
          ],
          "failures": [
            "20ea13a1-a089-49f6-9c26-f46245d88eaa",
            "4a53b4eb-d03e-4091-a86f-758d0f2d7cd7"
          ],
          "pending": [],
          "skipped": [],
          "duration": 5899,
          "root": false,
          "rootEmpty": false,
          "_timeout": 2000
        }
      ],
      "passes": [],
      "failures": [],
      "pending": [],
      "skipped": [],
      "duration": 0,
      "root": true,
      "rootEmpty": true,
      "_timeout": 2000
    }
  ],
  "meta": {
    "mocha": {
      "version": "10.4.0"
    },
    "mochawesome": {
      "options": {
        "quiet": false,
        "reportFilename": "mochawesome",
        "saveHtml": true,
        "saveJson": true,
        "consoleReporter": "spec",
        "useInlineDiffs": false,
        "code": true
      },
      "version": "7.1.3"
    },
    "marge": {
      "options": null,
      "version": "6.2.0"
    }
  }
}